Goods{
, goodName ='12aa', presentVolume =4.53, presentPrice =12.23, quantity =10}
----------------------------------

Goods{
, goodName ='12bb', presentVolume =9.11, presentPrice =45.03, quantity =15}
----------------------------------

Goods{
, goodName ='12cc', presentVolume =2.53, presentPrice =12.23, quantity =4}
----------------------------------

Goods{
, goodName ='12dd', presentVolume =6.0, presentPrice =32.93, quantity =11}
----------------------------------

INPUT LIST GOODS SHOULD ANALIZED =>
[Goods{
, goodName ='12aa', presentVolume =4.53, presentPrice =12.23, quantity =10}
----------------------------------
, Goods{
, goodName ='12bb', presentVolume =9.11, presentPrice =45.03, quantity =15}
----------------------------------
, Goods{
, goodName ='12cc', presentVolume =2.53, presentPrice =12.23, quantity =4}
----------------------------------
, Goods{
, goodName ='12dd', presentVolume =6.0, presentPrice =32.93, quantity =11}
----------------------------------
]


TaskConditions{budget=183.23, bagVolume=64.11, peopleNum=7}
